<?xml version="1.0" encoding="UTF-8"?>
<!-- Generated by org.testng.reporters.JUnitXMLReporter -->
<testsuite hostname="Ashok" ignored="0" name="Default test" tests="11" failures="0" timestamp="2022-08-23T17:33:48 IST" time="0.069" errors="0">
  <testcase name="Insert_key" time="0.008" classname="testNG.testNG_demo"/>
  <testcase name="Start_engine" time="0.001" classname="testNG.testNG_demo"/>
  <testcase name="first_gear" time="0.003" classname="testNG.testNG_demo"/>
  <testcase name="second_gear" time="0.002" classname="testNG.testNG_demo"/>
  <testcase name="Third_gear" time="0.002" classname="testNG.testNG_demo"/>
  <testcase name="Fourth_gear" time="0.0" classname="testNG.testNG_demo"/>
  <testcase name="Fourth_gear" time="0.0" classname="testNG.testNG_demo"/>
  <testcase name="Fourth_gear" time="0.0" classname="testNG.testNG_demo"/>
  <testcase name="Fourth_gear" time="0.0" classname="testNG.testNG_demo"/>
  <testcase name="Fourth_gear" time="0.001" classname="testNG.testNG_demo"/>
  <testcase name="nirmal" time="0.0" classname="testNG.testNG_demo"/>
</testsuite> <!-- Default test -->
